app/manifest-merger-release-report.txt
-- Merging decision tree log ---
manifest
ADDED from AndroidManifest.xml:2:1
	package
		ADDED from AndroidManifest.xml:3:5
		INJECTED from AndroidManifest.xml:0:0
		INJECTED from AndroidManifest.xml:0:0
	android:versionName
		ADDED from AndroidManifest.xml:5:5
	android:versionCode
		ADDED from AndroidManifest.xml:4:5
		INJECTED from AndroidManifest.xml:0:0
		INJECTED from AndroidManifest.xml:0:0
	xmlns:android
		ADDED from AndroidManifest.xml:2:11
uses-sdk
ADDED from AndroidManifest.xml:7:5
MERGED from com.android.support:appcompat-v7:21.0.3:15:5
MERGED from com.android.support:support-v4:21.0.3:15:5
MERGED from com.android.support:support-v4:21.0.3:15:5
MERGED from com.astuetz:pagerslidingtabstrip:1.0.1:2:5
MERGED from com.android.support:support-v4:21.0.3:15:5
MERGED from com.facebook.android:facebook-android-sdk:4.1.0:24:5
MERGED from com.android.support:support-v4:21.0.3:15:5
	android:targetSdkVersion
		ADDED from AndroidManifest.xml:9:9
		INJECTED from AndroidManifest.xml:0:0
		INJECTED from AndroidManifest.xml:0:0
	android:minSdkVersion
		ADDED from AndroidManifest.xml:8:9
		INJECTED from AndroidManifest.xml:0:0
		INJECTED from AndroidManifest.xml:0:0
uses-permission#android.permission.INTERNET
ADDED from AndroidManifest.xml:11:5
	android:name
		ADDED from AndroidManifest.xml:11:22
uses-permission#android.permission.ACCESS_FINE_LOCATION
ADDED from AndroidManifest.xml:12:5
	android:name
		ADDED from AndroidManifest.xml:12:22
uses-permission#android.permission.ACCESS_GPS
ADDED from AndroidManifest.xml:13:5
	android:name
		ADDED from AndroidManifest.xml:13:22
uses-permission#android.permission.ACCESS_ASSISTED_GPS
ADDED from AndroidManifest.xml:14:5
	android:name
		ADDED from AndroidManifest.xml:14:22
uses-permission#android.permission.ACCESS_LOCATION
ADDED from AndroidManifest.xml:15:5
	android:name
		ADDED from AndroidManifest.xml:15:22
uses-permission#android.permission.ACCESS_COARSE_LOCATION
ADDED from AndroidManifest.xml:16:5
	android:name
		ADDED from AndroidManifest.xml:16:22
uses-permission#android.permission.CAMERA
ADDED from AndroidManifest.xml:19:5
	android:name
		ADDED from AndroidManifest.xml:19:22
uses-permission#android.permission.STORAGE
ADDED from AndroidManifest.xml:20:5
	android:name
		ADDED from AndroidManifest.xml:20:22
uses-permission#android.permission.READ_EXTERNAL_STORAGE
ADDED from AndroidManifest.xml:21:5
	android:name
		ADDED from AndroidManifest.xml:21:22
uses-feature#android.hardware.camera
ADDED from AndroidManifest.xml:24:5
	android:name
		ADDED from AndroidManifest.xml:25:9
uses-feature#android.hardware.camera.autofocus
ADDED from AndroidManifest.xml:27:5
	android:name
		ADDED from AndroidManifest.xml:27:19
uses-permission#android.permission.WRITE_EXTERNAL_STORAGE
ADDED from AndroidManifest.xml:30:5
	android:name
		ADDED from AndroidManifest.xml:30:22
uses-permission#android.permission.READ_PHONE_STATE
ADDED from AndroidManifest.xml:32:5
	android:name
		ADDED from AndroidManifest.xml:32:22
application
ADDED from AndroidManifest.xml:35:5
MERGED from com.android.support:appcompat-v7:21.0.3:16:5
MERGED from com.android.support:support-v4:21.0.3:16:5
MERGED from com.android.support:support-v4:21.0.3:16:5
MERGED from com.astuetz:pagerslidingtabstrip:1.0.1:4:5
MERGED from com.android.support:support-v4:21.0.3:16:5
MERGED from com.facebook.android:facebook-android-sdk:4.1.0:28:5
MERGED from com.android.support:support-v4:21.0.3:16:5
	android:label
		ADDED from AndroidManifest.xml:38:9
	android:allowBackup
		ADDED from AndroidManifest.xml:36:9
	android:icon
		ADDED from AndroidManifest.xml:37:9
	android:theme
		ADDED from AndroidManifest.xml:39:9
activity#com.torkqd.MainActivity
ADDED from AndroidManifest.xml:40:9
	android:label
		ADDED from AndroidManifest.xml:44:13
	android:exported
		ADDED from AndroidManifest.xml:42:13
	android:configChanges
		ADDED from AndroidManifest.xml:43:13
	android:name
		ADDED from AndroidManifest.xml:41:13
intent-filter#android.intent.action.MAIN+android.intent.category.LAUNCHER
ADDED from AndroidManifest.xml:45:13
action#android.intent.action.MAIN
ADDED from AndroidManifest.xml:46:17
	android:name
		ADDED from AndroidManifest.xml:46:25
category#android.intent.category.LAUNCHER
ADDED from AndroidManifest.xml:48:17
	android:name
		ADDED from AndroidManifest.xml:48:27
intent-filter#android.intent.action.VIEW+android.intent.category.BROWSABLE+android.intent.category.DEFAULT
ADDED from AndroidManifest.xml:55:13
action#android.intent.action.VIEW
ADDED from AndroidManifest.xml:56:17
	android:name
		ADDED from AndroidManifest.xml:56:25
category#android.intent.category.DEFAULT
ADDED from AndroidManifest.xml:57:17
	android:name
		ADDED from AndroidManifest.xml:57:27
category#android.intent.category.BROWSABLE
ADDED from AndroidManifest.xml:58:17
	android:name
		ADDED from AndroidManifest.xml:58:27
data
ADDED from AndroidManifest.xml:59:17
	android:host
		ADDED from AndroidManifest.xml:59:23
	android:scheme
		ADDED from AndroidManifest.xml:59:49
activity#com.torkqd.cameraActivity
ADDED from AndroidManifest.xml:65:9
	android:name
		ADDED from AndroidManifest.xml:66:13
activity#com.torkqd.upload
ADDED from AndroidManifest.xml:68:9
	android:name
		ADDED from AndroidManifest.xml:69:13
activity#com.torkqd.videoActivity
ADDED from AndroidManifest.xml:71:9
	android:name
		ADDED from AndroidManifest.xml:72:13
activity#com.torkqd.videolist
ADDED from AndroidManifest.xml:75:9
	android:name
		ADDED from AndroidManifest.xml:76:13
activity#com.torkqd.HelloFacebookSampleActivity
ADDED from AndroidManifest.xml:80:9
	android:label
		ADDED from AndroidManifest.xml:81:13
	android:windowSoftInputMode
		ADDED from AndroidManifest.xml:82:13
	android:name
		ADDED from AndroidManifest.xml:80:19
activity#com.facebook.FacebookActivity
ADDED from AndroidManifest.xml:86:9
	android:label
		ADDED from AndroidManifest.xml:89:13
	android:configChanges
		ADDED from AndroidManifest.xml:87:13
	android:theme
		ADDED from AndroidManifest.xml:88:13
	android:name
		ADDED from AndroidManifest.xml:86:19
meta-data#com.facebook.sdk.ApplicationId
ADDED from AndroidManifest.xml:90:9
	android:value
		ADDED from AndroidManifest.xml:90:66
	android:name
		ADDED from AndroidManifest.xml:90:20
meta-data#com.facebook.sdk.ApplicationName
ADDED from AndroidManifest.xml:91:9
	android:value
		ADDED from AndroidManifest.xml:92:13
	android:name
		ADDED from AndroidManifest.xml:91:20